<?xml version="1.0" encoding="UTF-8"?>
<!-- Generated by org.testng.reporters.JUnitReportReporter -->
<testsuite hostname="LAPTOP-DPUL52C0" failures="0" tests="1" name="com.tutorialsninja.qa.testcases.RegisterTest" time="6.889" errors="0" timestamp="2025-02-27T13:35:50 IST" skipped="0">
  <testcase classname="com.tutorialsninja.qa.testcases.RegisterTest" name="verifyRegisteringAccountByProvidingAllFields" time="6.889"/>
</testsuite> <!-- com.tutorialsninja.qa.testcases.RegisterTest -->
